start...
input_file end
number:1
0s=<time<1s  2.352717%
1s=<time<2s  2.354834%
2s=<time<3s  1.672197%
3s=<time<4s  1.325057%
4s=<time<5s  1.359983%
5s=<time<6s  1.101216%
6s=<time<7s  0.975272%
7s=<time<8s  0.702217%
8s=<time<9s  0.524943%
9s=<time<10s  0.400057%
10s=<time<11s  0.330206%
11s=<time<12s  0.275172%
12s=<time<13s  0.174628%
13s=<time<14s  0.119065%
14s=<time<15s  0.110598%
time>=15s  0.944579%
number:2
0s=<time<1s  1.116032%
1s=<time<2s  1.396496%
2s=<time<3s  1.143020%
3s=<time<4s  0.965746%
4s=<time<5s  0.895895%
5s=<time<6s  0.847740%
6s=<time<7s  0.735555%
7s=<time<8s  0.586856%
8s=<time<9s  0.497426%
9s=<time<10s  0.411170%
10s=<time<11s  0.321210%
11s=<time<12s  0.285755%
12s=<time<13s  0.203733%
13s=<time<14s  0.127002%
14s=<time<15s  0.134411%
time>=15s  1.007551%
number:3
0s=<time<1s  0.627603%
1s=<time<2s  0.856736%
2s=<time<3s  0.746138%
3s=<time<4s  0.669937%
4s=<time<5s  0.618078%
5s=<time<6s  0.620194%
6s=<time<7s  0.569923%
7s=<time<8s  0.515947%
8s=<time<9s  0.423870%
9s=<time<10s  0.338144%
10s=<time<11s  0.266176%
11s=<time<12s  0.218021%
12s=<time<13s  0.155049%
13s=<time<14s  0.104777%
14s=<time<15s  0.100014%
time>=15s  0.802231%
number:4
0s=<time<1s  0.460383%
1s=<time<2s  0.599557%
2s=<time<3s  0.535526%
3s=<time<4s  0.478904%
4s=<time<5s  0.469379%
5s=<time<6s  0.503246%
6s=<time<7s  0.453504%
7s=<time<8s  0.383653%
8s=<time<9s  0.304276%
9s=<time<10s  0.259296%
10s=<time<11s  0.227546%
11s=<time<12s  0.211141%
12s=<time<13s  0.146582%
13s=<time<14s  0.113244%
14s=<time<15s  0.088372%
time>=15s  0.702746%
number:5
0s=<time<1s  0.360898%
1s=<time<2s  0.403761%
2s=<time<3s  0.345023%
3s=<time<4s  0.351373%
4s=<time<5s  0.329677%
5s=<time<6s  0.345023%
6s=<time<7s  0.310626%
7s=<time<8s  0.304805%
8s=<time<9s  0.230192%
9s=<time<10s  0.215904%
10s=<time<11s  0.184682%
11s=<time<12s  0.143936%
12s=<time<13s  0.109539%
13s=<time<14s  0.083081%
14s=<time<15s  0.079906%
time>=15s  0.596381%
number:6
0s=<time<1s  0.245009%
1s=<time<2s  0.344494%
2s=<time<3s  0.282051%
3s=<time<4s  0.265117%
4s=<time<5s  0.257709%
5s=<time<6s  0.274113%
6s=<time<7s  0.276230%
7s=<time<8s  0.258767%
8s=<time<9s  0.218550%
9s=<time<10s  0.198970%
10s=<time<11s  0.142348%
11s=<time<12s  0.120652%
12s=<time<13s  0.087843%
13s=<time<14s  0.067205%
14s=<time<15s  0.060326%
time>=15s  0.542406%
number:7
0s=<time<1s  0.190503%
1s=<time<2s  0.236542%
2s=<time<3s  0.218021%
3s=<time<4s  0.201087%
4s=<time<5s  0.209554%
5s=<time<6s  0.225429%
6s=<time<7s  0.234425%
7s=<time<8s  0.222254%
8s=<time<9s  0.179391%
9s=<time<10s  0.155049%
10s=<time<11s  0.133352%
11s=<time<12s  0.096839%
12s=<time<13s  0.088902%
13s=<time<14s  0.062443%
14s=<time<15s  0.063501%
time>=15s  0.427574%
number:8
0s=<time<1s  0.197912%
1s=<time<2s  0.229662%
2s=<time<3s  0.191562%
3s=<time<4s  0.195795%
4s=<time<5s  0.191033%
5s=<time<6s  0.206908%
6s=<time<7s  0.208495%
7s=<time<8s  0.191033%
8s=<time<9s  0.160870%
9s=<time<10s  0.141290%
10s=<time<11s  0.127002%
11s=<time<12s  0.104777%
12s=<time<13s  0.070910%
13s=<time<14s  0.059797%
14s=<time<15s  0.046038%
time>=15s  0.415932%
number:9
0s=<time<1s  0.144994%
1s=<time<2s  0.179920%
2s=<time<3s  0.155049%
3s=<time<4s  0.159282%
4s=<time<5s  0.163515%
5s=<time<6s  0.160870%
6s=<time<7s  0.169336%
7s=<time<8s  0.169866%
8s=<time<9s  0.165632%
9s=<time<10s  0.139702%
10s=<time<11s  0.101073%
11s=<time<12s  0.084668%
12s=<time<13s  0.071968%
13s=<time<14s  0.052918%
14s=<time<15s  0.041805%
time>=15s  0.363544%
number:10
0s=<time<1s  0.089960%
1s=<time<2s  0.119594%
2s=<time<3s  0.114302%
3s=<time<4s  0.104777%
4s=<time<5s  0.109539%
5s=<time<6s  0.139702%
6s=<time<7s  0.130707%
7s=<time<8s  0.121181%
8s=<time<9s  0.117477%
9s=<time<10s  0.107423%
10s=<time<11s  0.078318%
11s=<time<12s  0.069851%
12s=<time<13s  0.051859%
13s=<time<14s  0.040217%
14s=<time<15s  0.040217%
time>=15s  0.332323%
number:11
0s=<time<1s  0.087843%
1s=<time<2s  0.111127%
2s=<time<3s  0.109010%
3s=<time<4s  0.097898%
4s=<time<5s  0.088902%
5s=<time<6s  0.099485%
6s=<time<7s  0.120123%
7s=<time<8s  0.109539%
8s=<time<9s  0.103719%
9s=<time<10s  0.089960%
10s=<time<11s  0.075672%
11s=<time<12s  0.050801%
12s=<time<13s  0.045509%
13s=<time<14s  0.040747%
14s=<time<15s  0.022225%
time>=15s  0.295809%
number:12
0s=<time<1s  0.069322%
1s=<time<2s  0.097368%
2s=<time<3s  0.096310%
3s=<time<4s  0.102131%
4s=<time<5s  0.095252%
5s=<time<6s  0.108481%
6s=<time<7s  0.127002%
7s=<time<8s  0.122769%
8s=<time<9s  0.119065%
9s=<time<10s  0.096839%
10s=<time<11s  0.081493%
11s=<time<12s  0.058209%
12s=<time<13s  0.031751%
13s=<time<14s  0.029634%
14s=<time<15s  0.030692%
time>=15s  0.257709%
number:13
0s=<time<1s  0.070380%
1s=<time<2s  0.103719%
2s=<time<3s  0.092606%
3s=<time<4s  0.088902%
4s=<time<5s  0.082022%
5s=<time<6s  0.105835%
6s=<time<7s  0.103719%
7s=<time<8s  0.085727%
8s=<time<9s  0.096839%
9s=<time<10s  0.092606%
10s=<time<11s  0.069851%
11s=<time<12s  0.059268%
12s=<time<13s  0.033338%
13s=<time<14s  0.029634%
14s=<time<15s  0.026459%
time>=15s  0.269351%
number:14
0s=<time<1s  0.056093%
1s=<time<2s  0.077789%
2s=<time<3s  0.067205%
3s=<time<4s  0.060855%
4s=<time<5s  0.058209%
5s=<time<6s  0.079376%
6s=<time<7s  0.091018%
7s=<time<8s  0.082022%
8s=<time<9s  0.085727%
9s=<time<10s  0.069851%
10s=<time<11s  0.064559%
11s=<time<12s  0.041805%
12s=<time<13s  0.036513%
13s=<time<14s  0.026988%
14s=<time<15s  0.022225%
time>=15s  0.198441%
number:15
0s=<time<1s  0.051859%
1s=<time<2s  0.076731%
2s=<time<3s  0.052918%
3s=<time<4s  0.053447%
4s=<time<5s  0.069322%
5s=<time<6s  0.060326%
6s=<time<7s  0.081493%
7s=<time<8s  0.084139%
8s=<time<9s  0.068793%
9s=<time<10s  0.070910%
10s=<time<11s  0.047626%
11s=<time<12s  0.040217%
12s=<time<13s  0.031221%
13s=<time<14s  0.025930%
14s=<time<15s  0.020638%
time>=15s  0.180449%
number:16
0s=<time<1s  0.051859%
1s=<time<2s  0.067205%
2s=<time<3s  0.043922%
3s=<time<4s  0.042334%
4s=<time<5s  0.058209%
5s=<time<6s  0.068793%
6s=<time<7s  0.067205%
7s=<time<8s  0.060855%
8s=<time<9s  0.053447%
9s=<time<10s  0.047097%
10s=<time<11s  0.038630%
11s=<time<12s  0.028046%
12s=<time<13s  0.019050%
13s=<time<14s  0.020638%
14s=<time<15s  0.015346%
time>=15s  0.155578%
number:17
0s=<time<1s  0.039159%
1s=<time<2s  0.057680%
2s=<time<3s  0.053447%
3s=<time<4s  0.047626%
4s=<time<5s  0.048684%
5s=<time<6s  0.053447%
6s=<time<7s  0.050801%
7s=<time<8s  0.046038%
8s=<time<9s  0.058209%
9s=<time<10s  0.044980%
10s=<time<11s  0.043922%
11s=<time<12s  0.026988%
12s=<time<13s  0.019580%
13s=<time<14s  0.013759%
14s=<time<15s  0.022225%
time>=15s  0.174099%
number:18
0s=<time<1s  0.032809%
1s=<time<2s  0.056093%
2s=<time<3s  0.039688%
3s=<time<4s  0.044980%
4s=<time<5s  0.043392%
5s=<time<6s  0.046567%
6s=<time<7s  0.045509%
7s=<time<8s  0.052918%
8s=<time<9s  0.049213%
9s=<time<10s  0.042863%
10s=<time<11s  0.029105%
11s=<time<12s  0.020109%
12s=<time<13s  0.020638%
13s=<time<14s  0.013759%
14s=<time<15s  0.015875%
time>=15s  0.113244%
number:19
0s=<time<1s  0.055034%
1s=<time<2s  0.039159%
2s=<time<3s  0.040747%
3s=<time<4s  0.039688%
4s=<time<5s  0.037042%
5s=<time<6s  0.037042%
6s=<time<7s  0.055034%
7s=<time<8s  0.048684%
8s=<time<9s  0.037042%
9s=<time<10s  0.038630%
10s=<time<11s  0.026988%
11s=<time<12s  0.026988%
12s=<time<13s  0.016404%
13s=<time<14s  0.019050%
14s=<time<15s  0.010054%
time>=15s  0.135998%
number:20
0s=<time<1s  0.032809%
1s=<time<2s  0.036513%
2s=<time<3s  0.031221%
3s=<time<4s  0.030692%
4s=<time<5s  0.031751%
5s=<time<6s  0.054505%
6s=<time<7s  0.057151%
7s=<time<8s  0.051330%
8s=<time<9s  0.043922%
9s=<time<10s  0.034926%
10s=<time<11s  0.041276%
11s=<time<12s  0.036513%
12s=<time<13s  0.022225%
13s=<time<14s  0.011642%
14s=<time<15s  0.011113%
time>=15s  0.149757%
