start...
input_file end
number:1
0s=<time<1s  0.490546%
1s=<time<2s  0.203733%
2s=<time<3s  0.007408%
3s=<time<4s  0.001058%
4s=<time<5s  0.001058%
5s=<time<6s  0.001058%
6s=<time<7s  0.000000%
7s=<time<8s  0.002117%
8s=<time<9s  0.000529%
9s=<time<10s  0.000000%
10s=<time<11s  0.001058%
11s=<time<12s  0.001058%
12s=<time<13s  0.000000%
13s=<time<14s  0.000529%
14s=<time<15s  0.000529%
time>=15s  14.012055%
number:2
0s=<time<1s  14.247009%
1s=<time<2s  0.091018%
2s=<time<3s  0.002117%
3s=<time<4s  0.000529%
4s=<time<5s  0.001058%
5s=<time<6s  0.000529%
6s=<time<7s  0.000000%
7s=<time<8s  0.000000%
8s=<time<9s  0.000529%
9s=<time<10s  0.000529%
10s=<time<11s  0.000000%
11s=<time<12s  0.000529%
12s=<time<13s  0.000000%
13s=<time<14s  0.000000%
14s=<time<15s  0.000000%
time>=15s  10.343806%
number:3
0s=<time<1s  10.468162%
1s=<time<2s  0.051859%
2s=<time<3s  0.000529%
3s=<time<4s  0.000000%
4s=<time<5s  0.000529%
5s=<time<6s  0.000000%
6s=<time<7s  0.000000%
7s=<time<8s  0.000529%
8s=<time<9s  0.000000%
9s=<time<10s  0.000529%
10s=<time<11s  0.001058%
11s=<time<12s  0.000000%
12s=<time<13s  0.000000%
13s=<time<14s  0.000000%
14s=<time<15s  0.000000%
time>=15s  7.453446%
number:4
0s=<time<1s  7.538114%
1s=<time<2s  0.033338%
2s=<time<3s  0.000529%
3s=<time<4s  0.000000%
4s=<time<5s  0.000529%
5s=<time<6s  0.000529%
6s=<time<7s  0.000000%
7s=<time<8s  0.000529%
8s=<time<9s  0.000000%
9s=<time<10s  0.000000%
10s=<time<11s  0.000000%
11s=<time<12s  0.000000%
12s=<time<13s  0.000000%
13s=<time<14s  0.000000%
14s=<time<15s  0.000000%
time>=15s  5.817233%
number:5
0s=<time<1s  5.882851%
1s=<time<2s  0.030692%
2s=<time<3s  0.001588%
3s=<time<4s  0.000529%
4s=<time<5s  0.000000%
5s=<time<6s  0.000529%
6s=<time<7s  0.000000%
7s=<time<8s  0.000529%
8s=<time<9s  0.001058%
9s=<time<10s  0.000000%
10s=<time<11s  0.000000%
11s=<time<12s  0.000000%
12s=<time<13s  0.000000%
13s=<time<14s  0.000000%
14s=<time<15s  0.000000%
time>=15s  4.294264%
number:6
0s=<time<1s  4.341890%
1s=<time<2s  0.016934%
2s=<time<3s  0.001058%
3s=<time<4s  0.000000%
4s=<time<5s  0.000000%
5s=<time<6s  0.000000%
6s=<time<7s  0.000000%
7s=<time<8s  0.000529%
8s=<time<9s  0.000000%
9s=<time<10s  0.000000%
10s=<time<11s  0.000000%
11s=<time<12s  0.000529%
12s=<time<13s  0.000000%
13s=<time<14s  0.000000%
14s=<time<15s  0.000000%
time>=15s  3.575114%
number:7
0s=<time<1s  3.610569%
1s=<time<2s  0.014817%
2s=<time<3s  0.000000%
3s=<time<4s  0.000529%
4s=<time<5s  0.001058%
5s=<time<6s  0.000000%
6s=<time<7s  0.000529%
7s=<time<8s  0.000000%
8s=<time<9s  0.000000%
9s=<time<10s  0.000000%
10s=<time<11s  0.000000%
11s=<time<12s  0.000000%
12s=<time<13s  0.000000%
13s=<time<14s  0.000529%
14s=<time<15s  0.000000%
time>=15s  2.891948%
number:8
0s=<time<1s  2.936398%
1s=<time<2s  0.017992%
2s=<time<3s  0.000000%
3s=<time<4s  0.000000%
4s=<time<5s  0.000000%
5s=<time<6s  0.000529%
6s=<time<7s  0.000529%
7s=<time<8s  0.000000%
8s=<time<9s  0.000000%
9s=<time<10s  0.000000%
10s=<time<11s  0.000000%
11s=<time<12s  0.000000%
12s=<time<13s  0.000000%
13s=<time<14s  0.000000%
14s=<time<15s  0.000000%
time>=15s  2.675514%
number:9
0s=<time<1s  2.708853%
1s=<time<2s  0.007408%
2s=<time<3s  0.000529%
3s=<time<4s  0.000000%
4s=<time<5s  0.000000%
5s=<time<6s  0.000000%
6s=<time<7s  0.000000%
7s=<time<8s  0.000000%
8s=<time<9s  0.000000%
9s=<time<10s  0.000000%
10s=<time<11s  0.000000%
11s=<time<12s  0.000000%
12s=<time<13s  0.000000%
13s=<time<14s  0.000000%
14s=<time<15s  0.000000%
time>=15s  2.282866%
number:10
0s=<time<1s  2.301387%
1s=<time<2s  0.009525%
2s=<time<3s  0.000000%
3s=<time<4s  0.000000%
4s=<time<5s  0.000000%
5s=<time<6s  0.000000%
6s=<time<7s  0.000529%
7s=<time<8s  0.000000%
8s=<time<9s  0.000000%
9s=<time<10s  0.000000%
10s=<time<11s  0.000000%
11s=<time<12s  0.000000%
12s=<time<13s  0.000000%
13s=<time<14s  0.000000%
14s=<time<15s  0.000000%
time>=15s  1.738873%
number:11
0s=<time<1s  1.764273%
1s=<time<2s  0.005821%
2s=<time<3s  0.000000%
3s=<time<4s  0.000000%
4s=<time<5s  0.000529%
5s=<time<6s  0.000000%
6s=<time<7s  0.000000%
7s=<time<8s  0.000000%
8s=<time<9s  0.000000%
9s=<time<10s  0.000000%
10s=<time<11s  0.000000%
11s=<time<12s  0.000000%
12s=<time<13s  0.000000%
13s=<time<14s  0.000000%
14s=<time<15s  0.000000%
time>=15s  1.516619%
number:12
0s=<time<1s  1.531436%
1s=<time<2s  0.004233%
2s=<time<3s  0.000000%
3s=<time<4s  0.000000%
4s=<time<5s  0.000000%
5s=<time<6s  0.000000%
6s=<time<7s  0.000000%
7s=<time<8s  0.000000%
8s=<time<9s  0.000000%
9s=<time<10s  0.000000%
10s=<time<11s  0.000000%
11s=<time<12s  0.000000%
12s=<time<13s  0.000000%
13s=<time<14s  0.000000%
14s=<time<15s  0.000000%
time>=15s  1.504977%
number:13
0s=<time<1s  1.520323%
1s=<time<2s  0.004233%
2s=<time<3s  0.000000%
3s=<time<4s  0.000000%
4s=<time<5s  0.000000%
5s=<time<6s  0.000000%
6s=<time<7s  0.000000%
7s=<time<8s  0.000000%
8s=<time<9s  0.000000%
9s=<time<10s  0.000000%
10s=<time<11s  0.000000%
11s=<time<12s  0.000000%
12s=<time<13s  0.000000%
13s=<time<14s  0.000000%
14s=<time<15s  0.000000%
time>=15s  1.390675%
number:14
0s=<time<1s  1.409725%
1s=<time<2s  0.003175%
2s=<time<3s  0.000529%
3s=<time<4s  0.000000%
4s=<time<5s  0.000000%
5s=<time<6s  0.000000%
6s=<time<7s  0.000000%
7s=<time<8s  0.000000%
8s=<time<9s  0.000000%
9s=<time<10s  0.000000%
10s=<time<11s  0.000000%
11s=<time<12s  0.000000%
12s=<time<13s  0.000000%
13s=<time<14s  0.000000%
14s=<time<15s  0.000000%
time>=15s  1.095924%
number:15
0s=<time<1s  1.108095%
1s=<time<2s  0.004233%
2s=<time<3s  0.001058%
3s=<time<4s  0.000529%
4s=<time<5s  0.000000%
5s=<time<6s  0.000000%
6s=<time<7s  0.000000%
7s=<time<8s  0.000000%
8s=<time<9s  0.000000%
9s=<time<10s  0.000000%
10s=<time<11s  0.000000%
11s=<time<12s  0.000000%
12s=<time<13s  0.000000%
13s=<time<14s  0.000000%
14s=<time<15s  0.000000%
time>=15s  0.998026%
number:16
0s=<time<1s  1.014431%
1s=<time<2s  0.000529%
2s=<time<3s  0.000000%
3s=<time<4s  0.000000%
4s=<time<5s  0.000000%
5s=<time<6s  0.000000%
6s=<time<7s  0.000000%
7s=<time<8s  0.000000%
8s=<time<9s  0.000000%
9s=<time<10s  0.000000%
10s=<time<11s  0.000000%
11s=<time<12s  0.000000%
12s=<time<13s  0.000000%
13s=<time<14s  0.000000%
14s=<time<15s  0.000000%
time>=15s  0.821281%
number:17
0s=<time<1s  0.832394%
1s=<time<2s  0.001588%
2s=<time<3s  0.000000%
3s=<time<4s  0.000000%
4s=<time<5s  0.000000%
5s=<time<6s  0.000000%
6s=<time<7s  0.000000%
7s=<time<8s  0.000000%
8s=<time<9s  0.000000%
9s=<time<10s  0.000000%
10s=<time<11s  0.000000%
11s=<time<12s  0.000000%
12s=<time<13s  0.000000%
13s=<time<14s  0.000000%
14s=<time<15s  0.000000%
time>=15s  0.787943%
number:18
0s=<time<1s  0.795881%
1s=<time<2s  0.001588%
2s=<time<3s  0.000000%
3s=<time<4s  0.000000%
4s=<time<5s  0.000000%
5s=<time<6s  0.000529%
6s=<time<7s  0.000000%
7s=<time<8s  0.000000%
8s=<time<9s  0.000000%
9s=<time<10s  0.000000%
10s=<time<11s  0.000000%
11s=<time<12s  0.000000%
12s=<time<13s  0.000000%
13s=<time<14s  0.000000%
14s=<time<15s  0.000000%
time>=15s  0.656708%
number:19
0s=<time<1s  0.672054%
1s=<time<2s  0.005292%
2s=<time<3s  0.000529%
3s=<time<4s  0.000000%
4s=<time<5s  0.000000%
5s=<time<6s  0.000000%
6s=<time<7s  0.000000%
7s=<time<8s  0.000000%
8s=<time<9s  0.000000%
9s=<time<10s  0.000000%
10s=<time<11s  0.000000%
11s=<time<12s  0.000000%
12s=<time<13s  0.000000%
13s=<time<14s  0.000000%
14s=<time<15s  0.000000%
time>=15s  0.642420%
number:20
0s=<time<1s  0.659883%
1s=<time<2s  0.002117%
2s=<time<3s  0.000000%
3s=<time<4s  0.000000%
4s=<time<5s  0.000000%
5s=<time<6s  0.000000%
6s=<time<7s  0.000000%
7s=<time<8s  0.000000%
8s=<time<9s  0.000000%
9s=<time<10s  0.000000%
10s=<time<11s  0.000000%
11s=<time<12s  0.000000%
12s=<time<13s  0.000000%
13s=<time<14s  0.000000%
14s=<time<15s  0.000000%
time>=15s  0.657766%
